SF:lib\features\user\data\models\UserListResp.dart
DA:7,0
DA:9,0
DA:19,1
DA:28,0
DA:36,0
DA:37,0
DA:38,0
DA:39,0
DA:40,0
DA:41,0
DA:42,0
DA:45,0
DA:46,0
DA:47,0
DA:48,0
DA:49,0
DA:50,0
DA:51,0
DA:54,0
DA:55,0
DA:56,0
DA:57,0
DA:58,0
DA:59,0
DA:60,0
DA:71,2
DA:79,0
DA:86,0
DA:87,0
DA:88,0
DA:89,0
DA:90,0
DA:91,0
DA:94,0
DA:95,0
DA:96,0
DA:97,0
DA:98,0
DA:99,0
DA:102,0
DA:103,0
DA:104,0
DA:105,0
DA:106,0
DA:107,0
DA:110,2
DA:111,6
DA:122,0
DA:127,0
DA:131,0
DA:132,0
DA:133,0
DA:136,0
DA:137,0
DA:138,0
DA:141,0
DA:142,0
DA:143,0
LF:58
LH:4
end_of_record
SF:lib\features\user\presentation\screens\UserDetailsScreen.dart
DA:9,1
DA:11,1
DA:12,1
DA:16,1
DA:18,1
DA:20,1
DA:21,1
DA:22,2
DA:26,1
DA:28,1
DA:29,1
DA:31,4
DA:34,1
DA:35,3
DA:36,2
DA:40,1
DA:43,1
DA:44,1
DA:46,1
DA:48,4
DA:49,2
DA:50,1
DA:52,2
DA:56,1
DA:59,1
DA:60,1
DA:62,1
DA:64,4
DA:65,2
DA:68,2
LF:30
LH:30
end_of_record
SF:lib\features\user\presentation\widgets\cachedCircleAvatar.dart
DA:8,2
DA:14,2
DA:16,2
DA:17,2
DA:18,2
DA:19,4
LF:6
LH:6
end_of_record
SF:lib\core\theme\text_styles.dart
DA:7,4
DA:9,4
DA:10,4
DA:13,1
DA:14,2
DA:15,1
DA:16,1
DA:17,1
DA:18,1
DA:20,3
DA:21,6
DA:22,3
DA:23,3
DA:24,3
DA:25,3
DA:28,3
DA:29,6
DA:30,3
DA:31,3
DA:32,3
DA:33,3
DA:36,0
DA:37,0
DA:38,0
DA:39,0
DA:40,0
DA:41,0
DA:45,4
DA:46,8
DA:47,4
DA:48,4
DA:49,4
DA:50,4
LF:33
LH:27
end_of_record
SF:lib\core\network\dioClient.dart
DA:5,0
DA:6,0
DA:7,0
DA:11,0
DA:14,0
LF:5
LH:0
end_of_record
SF:lib\core\network\networkExceptions.dart
DA:45,0
DA:51,0
DA:53,0
DA:55,0
DA:56,0
DA:57,0
DA:58,0
DA:60,0
DA:63,0
DA:64,0
DA:66,0
DA:69,0
DA:70,0
DA:72,0
DA:75,0
DA:76,0
DA:78,0
DA:81,0
DA:82,0
DA:84,0
DA:87,0
DA:88,0
DA:90,0
DA:93,0
DA:94,0
DA:95,0
DA:97,0
DA:98,0
DA:102,0
DA:113,0
DA:115,0
DA:116,0
DA:120,0
DA:122,0
DA:126,0
DA:127,0
DA:128,0
DA:130,0
DA:131,0
DA:134,0
DA:136,0
DA:138,0
DA:139,0
DA:142,0
DA:146,0
DA:149,0
DA:153,0
DA:158,0
DA:159,0
DA:161,0
DA:163,0
DA:164,0
DA:171,0
DA:172,0
DA:173,0
DA:178,0
DA:179,0
DA:180,0
DA:182,0
LF:59
LH:0
end_of_record
SF:lib\features\user\data\datasources\userDataSource.dart
DA:9,0
DA:11,0
DA:13,0
DA:15,0
DA:16,0
DA:19,0
DA:21,0
DA:22,0
DA:23,0
DA:24,0
LF:10
LH:0
end_of_record
SF:lib\features\user\data\repositories\UserListRepoImpl.dart
DA:9,0
DA:11,0
DA:13,0
LF:3
LH:0
end_of_record
SF:lib\features\user\presentation\providers\UserListScreenState.dart
DA:12,1
DA:22,1
DA:31,1
DA:32,0
DA:33,0
DA:35,1
DA:36,1
DA:37,1
DA:38,1
LF:9
LH:7
end_of_record
SF:lib\features\user\presentation\providers\connectivityProvider.dart
DA:4,3
DA:5,2
DA:11,2
DA:12,1
DA:15,1
DA:16,2
DA:17,0
DA:19,0
DA:20,0
LF:9
LH:6
end_of_record
SF:lib\features\user\presentation\providers\userListProvider.dart
DA:12,4
DA:14,1
DA:15,4
DA:17,6
DA:18,2
DA:19,2
DA:20,1
DA:22,3
DA:23,4
DA:25,1
DA:26,2
DA:27,4
DA:31,5
DA:32,1
DA:43,0
DA:47,0
DA:52,0
DA:55,0
DA:56,0
DA:58,0
DA:59,0
DA:61,0
DA:65,4
DA:66,2
DA:67,1
LF:25
LH:17
end_of_record
SF:lib\services\di.dart
DA:9,3
DA:11,0
DA:12,0
DA:14,0
DA:15,0
LF:5
LH:1
end_of_record
SF:lib\features\user\presentation\screens\UserListScreen.dart
DA:13,1
DA:15,1
DA:16,1
DA:24,1
DA:26,1
DA:28,1
DA:30,3
DA:31,4
DA:32,4
DA:33,4
DA:34,5
DA:39,1
DA:40,3
DA:41,5
DA:45,1
DA:47,3
DA:48,3
DA:50,4
DA:51,1
DA:52,5
DA:56,1
DA:58,1
DA:59,1
DA:60,2
DA:64,1
DA:66,1
DA:67,1
DA:68,5
DA:73,1
DA:74,1
DA:75,1
DA:76,0
DA:77,0
DA:78,0
DA:79,0
DA:80,0
DA:81,0
DA:85,0
DA:88,0
DA:89,0
DA:90,0
DA:91,0
DA:92,0
DA:97,1
DA:98,1
DA:100,1
DA:102,3
DA:103,1
DA:104,1
DA:105,1
DA:106,3
DA:112,1
DA:114,2
DA:115,1
DA:119,4
DA:123,1
DA:124,0
DA:125,0
DA:127,0
DA:130,3
DA:138,1
DA:139,1
DA:140,5
DA:147,1
DA:149,2
DA:150,2
DA:151,1
LF:67
LH:52
end_of_record
SF:lib\features\user\presentation\widgets\UserTile.dart
DA:7,1
DA:8,1
DA:10,2
DA:11,2
DA:12,2
DA:13,2
DA:14,2
DA:15,2
LF:8
LH:8
end_of_record
SF:lib\features\user\presentation\widgets\noInternetWidget.dart
DA:8,2
DA:10,2
DA:12,2
DA:14,2
DA:18,2
DA:21,2
DA:23,4
DA:26,2
DA:29,4
DA:32,2
DA:33,8
DA:34,2
DA:35,2
DA:36,2
DA:38,2
DA:39,2
DA:42,2
DA:44,4
LF:18
LH:18
end_of_record
SF:lib\features\user\presentation\widgets\searchWidget.dart
DA:9,2
DA:15,2
DA:16,2
DA:22,2
DA:24,2
DA:25,5
DA:26,2
DA:30,2
DA:32,4
DA:33,2
DA:36,2
DA:38,2
DA:40,2
DA:41,2
DA:42,4
DA:44,2
DA:46,4
DA:49,6
DA:50,1
DA:55,1
DA:56,2
DA:57,3
DA:65,2
DA:66,2
LF:24
LH:24
end_of_record
